<?xml version="1.0" encoding="UTF-8"?>
<!-- Generated by org.testng.reporters.JUnitReportReporter -->
<testsuite hostname="BADHAN-PC" failures="0" tests="2" name="tests.BaseClass" time="155.196" errors="0" timestamp="2024-02-13T21:51:01 BDT" skipped="0">
  <testcase classname="tests.BaseClass" name="VerifyItemAdditionToCart" time="45.880"/>
  <testcase classname="tests.BaseClass" name="VerifyOrderConfirmation" time="109.316"/>
</testsuite> <!-- tests.BaseClass -->
