<?xml version="1.0" encoding="UTF-8"?>
<!-- Generated by org.testng.reporters.JUnitReportReporter -->
<testsuite hostname="BADHAN-PC" failures="0" tests="2" name="assignmentPackage.BaseClass2" time="150.174" errors="0" timestamp="2024-02-15T13:28:52 BDT" skipped="0">
  <testcase classname="assignmentPackage.BaseClass2" name="VerifyItemAdditionToCart" time="42.542"/>
  <testcase classname="assignmentPackage.BaseClass2" name="VerifyOrderConfirmation" time="107.632"/>
</testsuite> <!-- assignmentPackage.BaseClass2 -->
